2024-10-30 18:43:15,049 - ERROR - Ошибка при обновлении записи: ('22P02', '[22P02] ОШИБКА: неверный синтаксис для типа integer: "Никита    ";\nError while executing the query (1) (SQLExecDirectW)')
2024-10-30 18:43:26,777 - ERROR - Ошибка при добавлении записи: ('22P02', '[22P02] ОШИБКА: неверный синтаксис для типа integer: "Никита    ";\nError while executing the query (1) (SQLExecDirectW)')
2024-10-30 18:43:28,528 - ERROR - Ошибка при обновлении записи: ('22P02', '[22P02] ОШИБКА: неверный синтаксис для типа integer: "Никита    ";\nError while executing the query (1) (SQLExecDirectW)')
2024-10-30 18:43:32,270 - ERROR - Ошибка при удалении записи: ('22P02', '[22P02] ОШИБКА: неверный синтаксис для типа integer: "Никита    ";\nError while executing the query (1) (SQLExecDirectW)')
2024-10-30 18:43:43,323 - ERROR - Ошибка при добавлении записи: ('22P02', '[22P02] ОШИБКА: неверный синтаксис для типа integer: "Арман     ";\nError while executing the query (1) (SQLExecDirectW)')
2024-10-30 18:44:58,160 - ERROR - Ошибка при добавлении записи: ('22P02', '[22P02] ОШИБКА: неверный синтаксис для типа integer: "а";\nError while executing the query (1) (SQLExecDirectW)')
2024-10-30 18:45:03,263 - ERROR - Ошибка при добавлении записи: ('22P02', '[22P02] ОШИБКА: неверный синтаксис для типа integer: "Александр ";\nError while executing the query (1) (SQLExecDirectW)')
2024-10-30 18:45:05,188 - ERROR - Ошибка при обновлении записи: ('22P02', '[22P02] ОШИБКА: неверный синтаксис для типа integer: "Александр ";\nError while executing the query (1) (SQLExecDirectW)')
2024-10-30 18:47:56,231 - ERROR - Ошибка при добавлении записи: ('22P02', '[22P02] ОШИБКА: неверный синтаксис для типа integer: "Павел     ";\nError while executing the query (1) (SQLExecDirectW)')
2024-10-30 18:47:58,133 - ERROR - Ошибка при обновлении записи: ('22P02', '[22P02] ОШИБКА: неверный синтаксис для типа integer: "Павел     ";\nError while executing the query (1) (SQLExecDirectW)')
2024-10-30 18:57:48,856 - ERROR - Ошибка при добавлении записи: ('22P02', '[22P02] ОШИБКА: неверный синтаксис для типа integer: "ваня";\nError while executing the query (1) (SQLExecDirectW)')
2024-10-30 18:58:38,022 - ERROR - Ошибка при добавлении записи: ('22P02', '[22P02] ОШИБКА: неверный синтаксис для типа integer: "йцв";\nError while executing the query (1) (SQLExecDirectW)')
2024-10-30 19:01:22,250 - ERROR - Ошибка при добавлении записи: ('22P02', '[22P02] ОШИБКА: неверный синтаксис для типа integer: "Сергеевич           ";\nError while executing the query (1) (SQLExecDirectW)')
2024-10-30 19:05:29,617 - ERROR - Ошибка при добавлении записи: ('22P02', '[22P02] ОШИБКА: неверный синтаксис для типа integer: "Сучев               ";\nError while executing the query (1) (SQLExecDirectW)')
2024-10-30 22:26:47,316 - ERROR - Ошибка при добавлении записи: ('22P02', '[22P02] ОШИБКА: неверный синтаксис для типа integer: "ива";\nError while executing the query (1) (SQLExecDirectW)')
2024-10-30 22:27:25,115 - ERROR - Ошибка при добавлении записи: ('23503', '[23503] ОШИБКА: INSERT или UPDATE в таблице "phone_directory" нарушает ограничение внешнего ключа "u_name"\nDETAIL: Ключ (u_name)=(213) отсутствует в таблице "first_name".;\nError while executing the query (1) (SQLExecDirectW)')
2024-10-30 22:27:36,544 - ERROR - Ошибка при добавлении записи: ('22P02', '[22P02] ОШИБКА: неверный синтаксис для типа integer: "фыв";\nError while executing the query (1) (SQLExecDirectW)')
2024-11-11 14:57:38,898 - ERROR - Ошибка при добавлении записи: ('23503', '[23503] ОШИБКА: INSERT или UPDATE в таблице "phone_directory" нарушает ограничение внешнего ключа "u_name"\nDETAIL: Ключ (u_name)=(9) отсутствует в таблице "first_name".;\nError while executing the query (1) (SQLExecDirectW)')
2024-11-11 15:08:25,567 - ERROR - Ошибка при обновлении записи: ('22P02', '[22P02] ОШИБКА: неверный синтаксис для типа integer: "1A";\nError while executing the query (1) (SQLExecDirectW)')
2024-11-11 15:10:47,428 - ERROR - Ошибка при добавлении записи: ('The SQL contains 6 parameter markers, but 7 parameters were supplied', 'HY000')
2024-11-11 15:26:24,763 - ERROR - Ошибка при обновлении записи: ('22P02', '[22P02] ОШИБКА: неверный синтаксис для типа integer: "1A";\nError while executing the query (1) (SQLExecDirectW)')
